# JRE version: Java(TM) SE Runtime Environment (8.0_202-b08) (build 1.8.0_202-b08)
# Java VM: Java HotSpot(TM) 64-Bit Server VM (25.202-b08 mixed mode windows-amd64 compressed oops)
Heap:
 PSYoungGen      total 36864K, used 21600K [0x00000000d6f00000, 0x00000000d9800000, 0x0000000100000000)
  eden space 31744K, 51% used [0x00000000d6f00000,0x00000000d7f1a458,0x00000000d8e00000)
  from space 5120K, 99% used [0x00000000d9300000,0x00000000d97fdc10,0x00000000d9800000)
  to   space 5120K, 0% used [0x00000000d8e00000,0x00000000d8e00000,0x00000000d9300000)
 ParOldGen       total 118784K, used 24706K [0x0000000084c00000, 0x000000008c000000, 0x00000000d6f00000)
  object space 118784K, 20% used [0x0000000084c00000,0x0000000086420bd0,0x000000008c000000)
 Metaspace       used 18754K, capacity 19158K, committed 19584K, reserved 1067008K
  class space    used 2209K, capacity 2349K, committed 2432K, reserved 1048576K
GC Heap History (6 events):
Event: 3.119 GC heap before
{Heap before GC invocations=1 (full 0):
 PSYoungGen      total 36864K, used 29714K [0x00000000d6f00000, 0x00000000d9800000, 0x0000000100000000)
  eden space 31744K, 93% used [0x00000000d6f00000,0x00000000d8c049d8,0x00000000d8e00000)
  from space 5120K, 0% used [0x00000000d9300000,0x00000000d9300000,0x00000000d9800000)
  to   space 5120K, 0% used [0x00000000d8e00000,0x00000000d8e00000,0x00000000d9300000)
 ParOldGen       total 84992K, used 0K [0x0000000084c00000, 0x0000000089f00000, 0x00000000d6f00000)
  object space 84992K, 0% used [0x0000000084c00000,0x0000000084c00000,0x0000000089f00000)
 Metaspace       used 9878K, capacity 10064K, committed 10240K, reserved 1058816K
  class space    used 1187K, capacity 1258K, committed 1280K, reserved 1048576K
Event: 3.138 GC heap after
Heap after GC invocations=1 (full 0):
 PSYoungGen      total 36864K, used 1872K [0x00000000d6f00000, 0x00000000d9800000, 0x0000000100000000)
  eden space 31744K, 0% used [0x00000000d6f00000,0x00000000d6f00000,0x00000000d8e00000)
  from space 5120K, 36% used [0x00000000d8e00000,0x00000000d8fd4038,0x00000000d9300000)
  to   space 5120K, 0% used [0x00000000d9300000,0x00000000d9300000,0x00000000d9800000)
 ParOldGen       total 84992K, used 55192K [0x0000000084c00000, 0x0000000089f00000, 0x00000000d6f00000)
  object space 84992K, 64% used [0x0000000084c00000,0x00000000881e6070,0x0000000089f00000)
 Metaspace       used 9878K, capacity 10064K, committed 10240K, reserved 1058816K
  class space    used 1187K, capacity 1258K, committed 1280K, reserved 1048576K
}
Event: 3.138 GC heap before
{Heap before GC invocations=2 (full 1):
 PSYoungGen      total 36864K, used 1872K [0x00000000d6f00000, 0x00000000d9800000, 0x0000000100000000)
  eden space 31744K, 0% used [0x00000000d6f00000,0x00000000d6f00000,0x00000000d8e00000)
  from space 5120K, 36% used [0x00000000d8e00000,0x00000000d8fd4038,0x00000000d9300000)
  to   space 5120K, 0% used [0x00000000d9300000,0x00000000d9300000,0x00000000d9800000)
 ParOldGen       total 84992K, used 55192K [0x0000000084c00000, 0x0000000089f00000, 0x00000000d6f00000)
  object space 84992K, 64% used [0x0000000084c00000,0x00000000881e6070,0x0000000089f00000)
 Metaspace       used 9878K, capacity 10064K, committed 10240K, reserved 1058816K
  class space    used 1187K, capacity 1258K, committed 1280K, reserved 1048576K
Event: 3.153 GC heap after
Heap after GC invocations=2 (full 1):
 PSYoungGen      total 36864K, used 0K [0x00000000d6f00000, 0x00000000d9800000, 0x0000000100000000)
  eden space 31744K, 0% used [0x00000000d6f00000,0x00000000d6f00000,0x00000000d8e00000)
  from space 5120K, 0% used [0x00000000d8e00000,0x00000000d8e00000,0x00000000d9300000)
  to   space 5120K, 0% used [0x00000000d9300000,0x00000000d9300000,0x00000000d9800000)
 ParOldGen       total 118784K, used 17432K [0x0000000084c00000, 0x000000008c000000, 0x00000000d6f00000)
  object space 118784K, 14% used [0x0000000084c00000,0x0000000085d06268,0x000000008c000000)
 Metaspace       used 9878K, capacity 10064K, committed 10240K, reserved 1058816K
  class space    used 1187K, capacity 1258K, committed 1280K, reserved 1048576K
}
Event: 11.650 GC heap before
{Heap before GC invocations=3 (full 1):
 PSYoungGen      total 36864K, used 31744K [0x00000000d6f00000, 0x00000000d9800000, 0x0000000100000000)
  eden space 31744K, 100% used [0x00000000d6f00000,0x00000000d8e00000,0x00000000d8e00000)
  from space 5120K, 0% used [0x00000000d8e00000,0x00000000d8e00000,0x00000000d9300000)
  to   space 5120K, 0% used [0x00000000d9300000,0x00000000d9300000,0x00000000d9800000)
 ParOldGen       total 118784K, used 17432K [0x0000000084c00000, 0x000000008c000000, 0x00000000d6f00000)
  object space 118784K, 14% used [0x0000000084c00000,0x0000000085d06268,0x000000008c000000)
 Metaspace       used 16229K, capacity 16580K, committed 16896K, reserved 1064960K
  class space    used 1924K, capacity 2035K, committed 2048K, reserved 1048576K
Event: 11.656 GC heap after
Heap after GC invocations=3 (full 1):
 PSYoungGen      total 36864K, used 5111K [0x00000000d6f00000, 0x00000000d9800000, 0x0000000100000000)
  eden space 31744K, 0% used [0x00000000d6f00000,0x00000000d6f00000,0x00000000d8e00000)
  from space 5120K, 99% used [0x00000000d9300000,0x00000000d97fdc10,0x00000000d9800000)
  to   space 5120K, 0% used [0x00000000d8e00000,0x00000000d8e00000,0x00000000d9300000)
 ParOldGen       total 118784K, used 24706K [0x0000000084c00000, 0x000000008c000000, 0x00000000d6f00000)
  object space 118784K, 20% used [0x0000000084c00000,0x0000000086420bd0,0x000000008c000000)
 Metaspace       used 16229K, capacity 16580K, committed 16896K, reserved 1064960K
  class space    used 1924K, capacity 2035K, committed 2048K, reserved 1048576K
}

